<?xml version="1.0" encoding="UTF-8"?>
<!-- Generated by org.testng.reporters.JUnitReportReporter -->
<testsuite hostname="DESKTOP-PAIORMJ" failures="0" tests="1" name="ApiTest.SiteTesting.NewTest" time="0.008" errors="0" timestamp="2021-07-06T17:50:53 IST" skipped="0">
  <testcase classname="ApiTest.SiteTesting.NewTest" name="f" time="0.008"/>
  <system-out/>
</testsuite> <!-- ApiTest.SiteTesting.NewTest -->
