<?xml version="1.0" encoding="UTF-8"?>
<!-- Generated by org.testng.reporters.JUnitReportReporter -->
<testsuite hostname="DESKTOP-PAIORMJ" failures="0" tests="1" name="RestApiTest.NewTest" time="0.978" errors="0" timestamp="2021-07-06T21:44:01 IST" skipped="0">
  <testcase classname="RestApiTest.NewTest" name="postMethod" time="0.978"/>
  <system-out/>
</testsuite> <!-- RestApiTest.NewTest -->
